<?xml version="1.0" encoding="UTF-8"?>
<testsuites name="SWAG Website" time="27.787" tests="3" failures="0" errors="0">
   <testsuite name="SWAG Website" tests="3" failures="0" errors="0" time="27.787" skipped="0" timestamp="14-03-2025T10:54:31" hostname="yusuf - LAPTOP-T2JL6T9B" id="Test Suites/SWAG Website">
      <properties>
         <property name="deviceName" value=""/>
         <property name="devicePlatform"/>
         <property name="logFolder" value="C:\\Users\\yusuf\\git\\ExpertKatalon\\Reports\\20250314_105427\\SWAG Website\\20250314_105427"/>
         <property name="logFiles" value="C:\\Users\\yusuf\\git\\ExpertKatalon\\Reports\\20250314_105427\\SWAG Website\\20250314_105427\\execution0.log"/>
         <property name="attachments" value=""/>
         <property name="hostName" value="yusuf - LAPTOP-T2JL6T9B"/>
         <property name="os" value="Windows 11 64bit"/>
         <property name="katalonVersion" value="10.1.0.223"/>
         <property name="browser" value="Chrome 134.0.6998.37"/>
         <property name="hostAddress" value="192.168.165.101"/>
         <property name="sessionId" value="466020a3e831dc822ed80a4d9b904517"/>
         <property name="seleniumVersion" value="4.22.0"/>
         <property name="proxyInformation" value="ProxyInformation { proxyOption=NO_PROXY, proxyServerType=HTTP, username=, password=********, proxyServerAddress=, proxyServerPort=0, executionList=&quot;&quot;, isApplyToDesiredCapabilities=true }"/>
         <property name="platform" value="Windows 11"/>
      </properties>
      <testcase name="Test Cases/SWAG Login" time="7.94" classname="Test Cases/SWAG Login" status="PASSED">
         <system-out><![CDATA[14-03-2025T10:54:32 - [TEST_CASE][PASSED] - Test Cases/SWAG Login: Test Cases/SWAG Login

14-03-2025T10:54:32 - [TEST_STEP][PASSED] - openBrowser(""): Browser is opened with url: ''

14-03-2025T10:54:32 - [MESSAGE][INFO] - Starting 'Chrome' driver

14-03-2025T10:54:32 - [MESSAGE][INFO] - Action delay is set to 0 milliseconds

14-03-2025T10:54:35 - [MESSAGE][PASSED] - Browser is opened with url: ''

14-03-2025T10:54:35 - [TEST_STEP][PASSED] - navigateToUrl("https://www.saucedemo.com/"): Navigate to 'https://www.saucedemo.com/' successfully

14-03-2025T10:54:36 - [MESSAGE][PASSED] - Navigate to 'https://www.saucedemo.com/' successfully

14-03-2025T10:54:36 - [TEST_STEP][PASSED] - setText(findTestObject("Object Repository/Page_Swag Labs/input_Swag Labs_user-name"), "standard_user"): Text 'standard_user' is set on object 'Object Repository/Page_Swag Labs/input_Swag Labs_user-name'

14-03-2025T10:54:39 - [MESSAGE][PASSED] - Text 'standard_user' is set on object 'Object Repository/Page_Swag Labs/input_Swag Labs_user-name'

14-03-2025T10:54:39 - [TEST_STEP][PASSED] - setText(findTestObject("Object Repository/Page_Swag Labs/input_Swag Labs_password"), "secret_sauce"): Text 'secret_sauce' is set on object 'Object Repository/Page_Swag Labs/input_Swag Labs_password'

14-03-2025T10:54:39 - [MESSAGE][PASSED] - Text 'secret_sauce' is set on object 'Object Repository/Page_Swag Labs/input_Swag Labs_password'

14-03-2025T10:54:39 - [TEST_STEP][PASSED] - click(findTestObject("Object Repository/Page_Swag Labs/input_Swag Labs_login-button")): Object: 'Object Repository/Page_Swag Labs/input_Swag Labs_login-button' is clicked on

14-03-2025T10:54:40 - [MESSAGE][PASSED] - Object: 'Object Repository/Page_Swag Labs/input_Swag Labs_login-button' is clicked on]]></system-out>
         <system-err><![CDATA[]]></system-err>
      </testcase>
      <testcase name="Test Cases/SWAG Pilih barang" time="7.539" classname="Test Cases/SWAG Pilih barang" status="PASSED">
         <system-out><![CDATA[14-03-2025T10:54:40 - [TEST_CASE][PASSED] - Test Cases/SWAG Pilih barang: Test Cases/SWAG Pilih barang

14-03-2025T10:54:40 - [TEST_STEP][PASSED] - callTestCase(findTestCase("SWAG Login"), [:], STOP_ON_FAILURE): Call Test Case 'Test Cases/SWAG Login' successfully

14-03-2025T10:54:40 - [TEST_CASE][PASSED] - Test Cases/SWAG Login: Test Cases/SWAG Login

14-03-2025T10:54:40 - [TEST_STEP][PASSED] - openBrowser(""): Browser is opened with url: ''

14-03-2025T10:54:40 - [MESSAGE][WARNING] - A browser is already opened. Closing browser and opening a new one

14-03-2025T10:54:40 - [MESSAGE][INFO] - Starting 'Chrome' driver

14-03-2025T10:54:40 - [MESSAGE][INFO] - Action delay is set to 0 milliseconds

14-03-2025T10:54:41 - [MESSAGE][PASSED] - Browser is opened with url: ''

14-03-2025T10:54:41 - [TEST_STEP][PASSED] - navigateToUrl("https://www.saucedemo.com/"): Navigate to 'https://www.saucedemo.com/' successfully

14-03-2025T10:54:42 - [MESSAGE][PASSED] - Navigate to 'https://www.saucedemo.com/' successfully

14-03-2025T10:54:42 - [TEST_STEP][PASSED] - setText(findTestObject("Object Repository/Page_Swag Labs/input_Swag Labs_user-name"), "standard_user"): Text 'standard_user' is set on object 'Object Repository/Page_Swag Labs/input_Swag Labs_user-name'

14-03-2025T10:54:44 - [MESSAGE][PASSED] - Text 'standard_user' is set on object 'Object Repository/Page_Swag Labs/input_Swag Labs_user-name'

14-03-2025T10:54:44 - [TEST_STEP][PASSED] - setText(findTestObject("Object Repository/Page_Swag Labs/input_Swag Labs_password"), "secret_sauce"): Text 'secret_sauce' is set on object 'Object Repository/Page_Swag Labs/input_Swag Labs_password'

14-03-2025T10:54:45 - [MESSAGE][PASSED] - Text 'secret_sauce' is set on object 'Object Repository/Page_Swag Labs/input_Swag Labs_password'

14-03-2025T10:54:45 - [TEST_STEP][PASSED] - click(findTestObject("Object Repository/Page_Swag Labs/input_Swag Labs_login-button")): Object: 'Object Repository/Page_Swag Labs/input_Swag Labs_login-button' is clicked on

14-03-2025T10:54:45 - [MESSAGE][PASSED] - Object: 'Object Repository/Page_Swag Labs/input_Swag Labs_login-button' is clicked on

14-03-2025T10:54:45 - [MESSAGE][PASSED] - Call Test Case 'Test Cases/SWAG Login' successfully

14-03-2025T10:54:45 - [TEST_STEP][PASSED] - click(findTestObject("Object Repository/Page_Swag Labs/button_Add to cart")): Object: 'Object Repository/Page_Swag Labs/button_Add to cart' is clicked on

14-03-2025T10:54:46 - [MESSAGE][PASSED] - Object: 'Object Repository/Page_Swag Labs/button_Add to cart' is clicked on

14-03-2025T10:54:46 - [TEST_STEP][PASSED] - click(findTestObject("Object Repository/Page_Swag Labs/button_Add to cart_1")): Object: 'Object Repository/Page_Swag Labs/button_Add to cart_1' is clicked on

14-03-2025T10:54:46 - [MESSAGE][PASSED] - Object: 'Object Repository/Page_Swag Labs/button_Add to cart_1' is clicked on

14-03-2025T10:54:46 - [TEST_STEP][PASSED] - click(findTestObject("Object Repository/Page_Swag Labs/button_Add to cart_1_2")): Object: 'Object Repository/Page_Swag Labs/button_Add to cart_1_2' is clicked on

14-03-2025T10:54:47 - [MESSAGE][PASSED] - Object: 'Object Repository/Page_Swag Labs/button_Add to cart_1_2' is clicked on

14-03-2025T10:54:47 - [TEST_STEP][PASSED] - click(findTestObject("Object Repository/Page_Swag Labs/a_3")): Object: 'Object Repository/Page_Swag Labs/a_3' is clicked on

14-03-2025T10:54:47 - [MESSAGE][PASSED] - Object: 'Object Repository/Page_Swag Labs/a_3' is clicked on]]></system-out>
         <system-err><![CDATA[]]></system-err>
      </testcase>
      <testcase name="Test Cases/SWAG Checkout Barang" time="12.025" classname="Test Cases/SWAG Checkout Barang" status="PASSED">
         <system-out><![CDATA[14-03-2025T10:54:47 - [TEST_CASE][PASSED] - Test Cases/SWAG Checkout Barang: Test Cases/SWAG Checkout Barang

14-03-2025T10:54:47 - [TEST_STEP][PASSED] - callTestCase(findTestCase("SWAG Pilih barang"), [:], STOP_ON_FAILURE): Call Test Case 'Test Cases/SWAG Pilih barang' successfully

14-03-2025T10:54:47 - [TEST_CASE][PASSED] - Test Cases/SWAG Pilih barang: Test Cases/SWAG Pilih barang

14-03-2025T10:54:47 - [TEST_STEP][PASSED] - callTestCase(findTestCase("SWAG Login"), [:], STOP_ON_FAILURE): Call Test Case 'Test Cases/SWAG Login' successfully

14-03-2025T10:54:47 - [TEST_CASE][PASSED] - Test Cases/SWAG Login: Test Cases/SWAG Login

14-03-2025T10:54:47 - [TEST_STEP][PASSED] - openBrowser(""): Browser is opened with url: ''

14-03-2025T10:54:47 - [MESSAGE][WARNING] - A browser is already opened. Closing browser and opening a new one

14-03-2025T10:54:48 - [MESSAGE][INFO] - Starting 'Chrome' driver

14-03-2025T10:54:48 - [MESSAGE][INFO] - Action delay is set to 0 milliseconds

14-03-2025T10:54:48 - [MESSAGE][PASSED] - Browser is opened with url: ''

14-03-2025T10:54:48 - [TEST_STEP][PASSED] - navigateToUrl("https://www.saucedemo.com/"): Navigate to 'https://www.saucedemo.com/' successfully

14-03-2025T10:54:49 - [MESSAGE][PASSED] - Navigate to 'https://www.saucedemo.com/' successfully

14-03-2025T10:54:49 - [TEST_STEP][PASSED] - setText(findTestObject("Object Repository/Page_Swag Labs/input_Swag Labs_user-name"), "standard_user"): Text 'standard_user' is set on object 'Object Repository/Page_Swag Labs/input_Swag Labs_user-name'

14-03-2025T10:54:51 - [MESSAGE][PASSED] - Text 'standard_user' is set on object 'Object Repository/Page_Swag Labs/input_Swag Labs_user-name'

14-03-2025T10:54:51 - [TEST_STEP][PASSED] - setText(findTestObject("Object Repository/Page_Swag Labs/input_Swag Labs_password"), "secret_sauce"): Text 'secret_sauce' is set on object 'Object Repository/Page_Swag Labs/input_Swag Labs_password'

14-03-2025T10:54:52 - [MESSAGE][PASSED] - Text 'secret_sauce' is set on object 'Object Repository/Page_Swag Labs/input_Swag Labs_password'

14-03-2025T10:54:52 - [TEST_STEP][PASSED] - click(findTestObject("Object Repository/Page_Swag Labs/input_Swag Labs_login-button")): Object: 'Object Repository/Page_Swag Labs/input_Swag Labs_login-button' is clicked on

14-03-2025T10:54:52 - [MESSAGE][PASSED] - Object: 'Object Repository/Page_Swag Labs/input_Swag Labs_login-button' is clicked on

14-03-2025T10:54:52 - [MESSAGE][PASSED] - Call Test Case 'Test Cases/SWAG Login' successfully

14-03-2025T10:54:52 - [TEST_STEP][PASSED] - click(findTestObject("Object Repository/Page_Swag Labs/button_Add to cart")): Object: 'Object Repository/Page_Swag Labs/button_Add to cart' is clicked on

14-03-2025T10:54:53 - [MESSAGE][PASSED] - Object: 'Object Repository/Page_Swag Labs/button_Add to cart' is clicked on

14-03-2025T10:54:53 - [TEST_STEP][PASSED] - click(findTestObject("Object Repository/Page_Swag Labs/button_Add to cart_1")): Object: 'Object Repository/Page_Swag Labs/button_Add to cart_1' is clicked on

14-03-2025T10:54:53 - [MESSAGE][PASSED] - Object: 'Object Repository/Page_Swag Labs/button_Add to cart_1' is clicked on

14-03-2025T10:54:53 - [TEST_STEP][PASSED] - click(findTestObject("Object Repository/Page_Swag Labs/button_Add to cart_1_2")): Object: 'Object Repository/Page_Swag Labs/button_Add to cart_1_2' is clicked on

14-03-2025T10:54:54 - [MESSAGE][PASSED] - Object: 'Object Repository/Page_Swag Labs/button_Add to cart_1_2' is clicked on

14-03-2025T10:54:54 - [TEST_STEP][PASSED] - click(findTestObject("Object Repository/Page_Swag Labs/a_3")): Object: 'Object Repository/Page_Swag Labs/a_3' is clicked on

14-03-2025T10:54:54 - [MESSAGE][PASSED] - Object: 'Object Repository/Page_Swag Labs/a_3' is clicked on

14-03-2025T10:54:54 - [MESSAGE][PASSED] - Call Test Case 'Test Cases/SWAG Pilih barang' successfully

14-03-2025T10:54:54 - [TEST_STEP][PASSED] - click(findTestObject("Object Repository/Page_Swag Labs/button_Checkout")): Object: 'Object Repository/Page_Swag Labs/button_Checkout' is clicked on

14-03-2025T10:54:55 - [MESSAGE][PASSED] - Object: 'Object Repository/Page_Swag Labs/button_Checkout' is clicked on

14-03-2025T10:54:55 - [TEST_STEP][PASSED] - setText(findTestObject("Object Repository/Page_Swag Labs/input_Checkout Your Information_firstName"), "Yusuf"): Text 'Yusuf' is set on object 'Object Repository/Page_Swag Labs/input_Checkout Your Information_firstName'

14-03-2025T10:54:56 - [MESSAGE][PASSED] - Text 'Yusuf' is set on object 'Object Repository/Page_Swag Labs/input_Checkout Your Information_firstName'

14-03-2025T10:54:56 - [TEST_STEP][PASSED] - setText(findTestObject("Object Repository/Page_Swag Labs/input_Checkout Your Information_lastName"), "Rangkuti"): Text 'Rangkuti' is set on object 'Object Repository/Page_Swag Labs/input_Checkout Your Information_lastName'

14-03-2025T10:54:57 - [MESSAGE][PASSED] - Text 'Rangkuti' is set on object 'Object Repository/Page_Swag Labs/input_Checkout Your Information_lastName'

14-03-2025T10:54:57 - [TEST_STEP][PASSED] - setText(findTestObject("Object Repository/Page_Swag Labs/input_Checkout Your Information_postalCode"), "14045"): Text '14045' is set on object 'Object Repository/Page_Swag Labs/input_Checkout Your Information_postalCode'

14-03-2025T10:54:57 - [MESSAGE][PASSED] - Text '14045' is set on object 'Object Repository/Page_Swag Labs/input_Checkout Your Information_postalCode'

14-03-2025T10:54:57 - [TEST_STEP][PASSED] - click(findTestObject("Object Repository/Page_Swag Labs/input_Cancel_continue")): Object: 'Object Repository/Page_Swag Labs/input_Cancel_continue' is clicked on

14-03-2025T10:54:58 - [MESSAGE][PASSED] - Object: 'Object Repository/Page_Swag Labs/input_Cancel_continue' is clicked on

14-03-2025T10:54:58 - [TEST_STEP][PASSED] - click(findTestObject("Object Repository/Page_Swag Labs/button_Finish")): Object: 'Object Repository/Page_Swag Labs/button_Finish' is clicked on

14-03-2025T10:54:58 - [MESSAGE][PASSED] - Object: 'Object Repository/Page_Swag Labs/button_Finish' is clicked on

14-03-2025T10:54:58 - [TEST_STEP][PASSED] - click(findTestObject("Object Repository/Page_Swag Labs/button_Back Home")): Object: 'Object Repository/Page_Swag Labs/button_Back Home' is clicked on

14-03-2025T10:54:59 - [MESSAGE][PASSED] - Object: 'Object Repository/Page_Swag Labs/button_Back Home' is clicked on

14-03-2025T10:54:59 - [TEST_STEP][PASSED] - closeBrowser(): Browser is closed

14-03-2025T10:54:59 - [MESSAGE][PASSED] - Browser is closed]]></system-out>
         <system-err><![CDATA[]]></system-err>
      </testcase>
      <system-out><![CDATA[14-03-2025T10:54:31 - [TEST_SUITE][PASSED] - SWAG Website: Test Cases/SWAG Checkout Barang]]></system-out>
      <system-err><![CDATA[]]></system-err>
   </testsuite>
</testsuites>
