<?xml version="1.0" encoding="UTF-8"?>
<testsuites name="DemoQA Form" time="17.086" tests="1" failures="0" errors="0">
   <testsuite name="DemoQA Form" tests="1" failures="0" errors="0" time="17.086" skipped="0" timestamp="13-03-2025T11:16:26" hostname="yusuf - LAPTOP-T2JL6T9B" id="Test Suites/DemoQA Form">
      <properties>
         <property name="deviceName" value=""/>
         <property name="devicePlatform"/>
         <property name="logFolder" value="C:\\Users\\yusuf\\git\\ExpertKatalon\\Reports\\20250313_111623\\DemoQA Form\\20250313_111623"/>
         <property name="logFiles" value="C:\\Users\\yusuf\\git\\ExpertKatalon\\Reports\\20250313_111623\\DemoQA Form\\20250313_111623\\execution0.log"/>
         <property name="attachments" value=""/>
         <property name="hostName" value="yusuf - LAPTOP-T2JL6T9B"/>
         <property name="os" value="Windows 11 64bit"/>
         <property name="katalonVersion" value="10.1.0.223"/>
         <property name="browser" value="Chrome 134.0.6998.37"/>
         <property name="hostAddress" value="192.168.165.101"/>
         <property name="sessionId" value="f410cd23f931287a8b55f8267cbd3139"/>
         <property name="seleniumVersion" value="4.22.0"/>
         <property name="proxyInformation" value="ProxyInformation { proxyOption=NO_PROXY, proxyServerType=HTTP, username=, password=********, proxyServerAddress=, proxyServerPort=0, executionList=&quot;&quot;, isApplyToDesiredCapabilities=true }"/>
         <property name="platform" value="Windows 11"/>
      </properties>
      <testcase name="Test Cases/DemoQA Form" time="16.821" classname="Test Cases/DemoQA Form" status="PASSED">
         <system-out><![CDATA[13-03-2025T11:16:26 - [TEST_CASE][PASSED] - Test Cases/DemoQA Form: Test Cases/DemoQA Form

13-03-2025T11:16:26 - [TEST_STEP][PASSED] - openBrowser(""): Browser is opened with url: ''

13-03-2025T11:16:26 - [MESSAGE][INFO] - Starting 'Chrome' driver

13-03-2025T11:16:27 - [MESSAGE][INFO] - Action delay is set to 0 milliseconds

13-03-2025T11:16:29 - [MESSAGE][PASSED] - Browser is opened with url: ''

13-03-2025T11:16:29 - [TEST_STEP][PASSED] - navigateToUrl("https://demoqa.com/"): Navigate to 'https://demoqa.com/' successfully

13-03-2025T11:16:33 - [MESSAGE][PASSED] - Navigate to 'https://demoqa.com/' successfully

13-03-2025T11:16:33 - [TEST_STEP][PASSED] - click(findTestObject("Object Repository/Page_DEMOQA/div_Elements")): Object: 'Object Repository/Page_DEMOQA/div_Elements' is clicked on

13-03-2025T11:16:34 - [MESSAGE][PASSED] - Object: 'Object Repository/Page_DEMOQA/div_Elements' is clicked on

13-03-2025T11:16:34 - [TEST_STEP][PASSED] - click(findTestObject("Object Repository/Page_DEMOQA/li_Text Box")): Object: 'Object Repository/Page_DEMOQA/li_Text Box' is clicked on

13-03-2025T11:16:36 - [MESSAGE][PASSED] - Object: 'Object Repository/Page_DEMOQA/li_Text Box' is clicked on

13-03-2025T11:16:36 - [TEST_STEP][PASSED] - setText(findTestObject("Object Repository/Page_DEMOQA/input_Full Name_userName"), "Yusuf Rangkuti"): Text 'Yusuf Rangkuti' is set on object 'Object Repository/Page_DEMOQA/input_Full Name_userName'

13-03-2025T11:16:41 - [MESSAGE][PASSED] - Text 'Yusuf Rangkuti' is set on object 'Object Repository/Page_DEMOQA/input_Full Name_userName'

13-03-2025T11:16:41 - [TEST_STEP][PASSED] - setText(findTestObject("Object Repository/Page_DEMOQA/input_Email_userEmail"), "rangkuti289@gmail.com"): Text 'rangkuti289@gmail.com' is set on object 'Object Repository/Page_DEMOQA/input_Email_userEmail'

13-03-2025T11:16:41 - [MESSAGE][PASSED] - Text 'rangkuti289@gmail.com' is set on object 'Object Repository/Page_DEMOQA/input_Email_userEmail'

13-03-2025T11:16:41 - [TEST_STEP][PASSED] - setText(findTestObject("Object Repository/Page_DEMOQA/textarea_Current Address_currentAddress"), "VILLA PADURENAN INDAH 3 "): Text 'VILLA PADURENAN INDAH 3 ' is set on object 'Object Repository/Page_DEMOQA/textarea_Current Address_currentAddress'

13-03-2025T11:16:42 - [MESSAGE][PASSED] - Text 'VILLA PADURENAN INDAH 3 ' is set on object 'Object Repository/Page_DEMOQA/textarea_Current Address_currentAddress'

13-03-2025T11:16:42 - [TEST_STEP][PASSED] - setText(findTestObject("Object Repository/Page_DEMOQA/textarea_Permanent Address_permanentAddress"), "VILLA PADURENAN INDAH 3 "): Text 'VILLA PADURENAN INDAH 3 ' is set on object 'Object Repository/Page_DEMOQA/textarea_Permanent Address_permanentAddress'

13-03-2025T11:16:42 - [MESSAGE][PASSED] - Text 'VILLA PADURENAN INDAH 3 ' is set on object 'Object Repository/Page_DEMOQA/textarea_Permanent Address_permanentAddress'

13-03-2025T11:16:42 - [TEST_STEP][PASSED] - click(findTestObject("Object Repository/Page_DEMOQA/button_Submit")): Object: 'Object Repository/Page_DEMOQA/button_Submit' is clicked on

13-03-2025T11:16:43 - [MESSAGE][PASSED] - Object: 'Object Repository/Page_DEMOQA/button_Submit' is clicked on]]></system-out>
         <system-err><![CDATA[]]></system-err>
      </testcase>
      <system-out><![CDATA[13-03-2025T11:16:26 - [TEST_SUITE][PASSED] - DemoQA Form: Test Cases/DemoQA Form]]></system-out>
      <system-err><![CDATA[]]></system-err>
   </testsuite>
</testsuites>
