<?xml version="1.0" encoding="UTF-8"?>
<testsuites name="DEMO QA FORM_LOGIN" time="46.445" tests="2" failures="0" errors="0">
   <testsuite name="DEMO QA FORM_LOGIN" tests="2" failures="0" errors="0" time="46.445" skipped="0" timestamp="13-03-2025T11:34:48" hostname="yusuf - LAPTOP-T2JL6T9B" id="Test Suites/DEMO QA FORM_LOGIN">
      <properties>
         <property name="deviceName" value=""/>
         <property name="devicePlatform"/>
         <property name="logFolder" value="C:\\Users\\yusuf\\git\\ExpertKatalon\\Reports\\20250313_113445\\DEMO QA FORM_LOGIN\\20250313_113445"/>
         <property name="logFiles" value="C:\\Users\\yusuf\\git\\ExpertKatalon\\Reports\\20250313_113445\\DEMO QA FORM_LOGIN\\20250313_113445\\execution0.log"/>
         <property name="attachments" value=""/>
         <property name="hostName" value="yusuf - LAPTOP-T2JL6T9B"/>
         <property name="os" value="Windows 11 64bit"/>
         <property name="katalonVersion" value="10.1.0.223"/>
         <property name="browser" value="Chrome 134.0.6998.37"/>
         <property name="hostAddress" value="192.168.165.101"/>
         <property name="sessionId" value="4a4fede6328de693cb3a170365cb330d"/>
         <property name="seleniumVersion" value="4.22.0"/>
         <property name="proxyInformation" value="ProxyInformation { proxyOption=NO_PROXY, proxyServerType=HTTP, username=, password=********, proxyServerAddress=, proxyServerPort=0, executionList=&quot;&quot;, isApplyToDesiredCapabilities=true }"/>
         <property name="platform" value="Windows 11"/>
      </properties>
      <testcase name="Test Cases/Web Demo QA Login" time="34.619" classname="Test Cases/Web Demo QA Login" status="PASSED">
         <system-out><![CDATA[13-03-2025T11:34:48 - [TEST_CASE][PASSED] - Test Cases/Web Demo QA Login: Test Cases/Web Demo QA Login

13-03-2025T11:34:48 - [TEST_STEP][PASSED] - openBrowser(""): Browser is opened with url: ''

13-03-2025T11:34:49 - [MESSAGE][INFO] - Starting 'Chrome' driver

13-03-2025T11:34:49 - [MESSAGE][INFO] - Action delay is set to 0 milliseconds

13-03-2025T11:34:50 - [MESSAGE][PASSED] - Browser is opened with url: ''

13-03-2025T11:34:50 - [TEST_STEP][PASSED] - navigateToUrl("https://demoqa.com/"): Navigate to 'https://demoqa.com/' successfully

13-03-2025T11:34:54 - [MESSAGE][PASSED] - Navigate to 'https://demoqa.com/' successfully

13-03-2025T11:34:54 - [TEST_STEP][PASSED] - click(findTestObject("Object Repository/Page_DEMOQA/svg")): Object: 'Object Repository/Page_DEMOQA/svg' is clicked on

13-03-2025T11:34:55 - [MESSAGE][PASSED] - Object: 'Object Repository/Page_DEMOQA/svg' is clicked on

13-03-2025T11:34:55 - [TEST_STEP][PASSED] - click(findTestObject("Object Repository/Page_DEMOQA/div_Forms")): Object: 'Object Repository/Page_DEMOQA/div_Forms' is clicked on

13-03-2025T11:35:05 - [MESSAGE][PASSED] - Object: 'Object Repository/Page_DEMOQA/div_Forms' is clicked on

13-03-2025T11:35:05 - [TEST_STEP][PASSED] - click(findTestObject("Object Repository/Page_DEMOQA/div_Forms")): Object: 'Object Repository/Page_DEMOQA/div_Forms' is clicked on

13-03-2025T11:35:05 - [MESSAGE][PASSED] - Object: 'Object Repository/Page_DEMOQA/div_Forms' is clicked on

13-03-2025T11:35:05 - [TEST_STEP][PASSED] - click(findTestObject("Object Repository/Page_DEMOQA/li_Practice Form")): Object: 'Object Repository/Page_DEMOQA/li_Practice Form' is clicked on

13-03-2025T11:35:06 - [MESSAGE][PASSED] - Object: 'Object Repository/Page_DEMOQA/li_Practice Form' is clicked on

13-03-2025T11:35:06 - [TEST_STEP][PASSED] - setText(findTestObject("Object Repository/Page_DEMOQA/input_Name_firstName"), "Yusuf"): Text 'Yusuf' is set on object 'Object Repository/Page_DEMOQA/input_Name_firstName'

13-03-2025T11:35:06 - [MESSAGE][PASSED] - Text 'Yusuf' is set on object 'Object Repository/Page_DEMOQA/input_Name_firstName'

13-03-2025T11:35:06 - [TEST_STEP][PASSED] - setText(findTestObject("Object Repository/Page_DEMOQA/input_Name_lastName"), "Rangkuti"): Text 'Rangkuti' is set on object 'Object Repository/Page_DEMOQA/input_Name_lastName'

13-03-2025T11:35:07 - [MESSAGE][PASSED] - Text 'Rangkuti' is set on object 'Object Repository/Page_DEMOQA/input_Name_lastName'

13-03-2025T11:35:07 - [TEST_STEP][PASSED] - setText(findTestObject("Object Repository/Page_DEMOQA/input_Email_userEmail"), "claysystemhack@gmail.com"): Text 'claysystemhack@gmail.com' is set on object 'Object Repository/Page_DEMOQA/input_Email_userEmail'

13-03-2025T11:35:08 - [MESSAGE][PASSED] - Text 'claysystemhack@gmail.com' is set on object 'Object Repository/Page_DEMOQA/input_Email_userEmail'

13-03-2025T11:35:08 - [TEST_STEP][PASSED] - click(findTestObject("Object Repository/Page_DEMOQA/label_Male")): Object: 'Object Repository/Page_DEMOQA/label_Male' is clicked on

13-03-2025T11:35:08 - [MESSAGE][PASSED] - Object: 'Object Repository/Page_DEMOQA/label_Male' is clicked on

13-03-2025T11:35:08 - [TEST_STEP][PASSED] - setText(findTestObject("Object Repository/Page_DEMOQA/input_(10 Digits)_userNumber"), "0896784788"): Text '0896784788' is set on object 'Object Repository/Page_DEMOQA/input_(10 Digits)_userNumber'

13-03-2025T11:35:08 - [MESSAGE][PASSED] - Text '0896784788' is set on object 'Object Repository/Page_DEMOQA/input_(10 Digits)_userNumber'

13-03-2025T11:35:08 - [TEST_STEP][PASSED] - setText(findTestObject("Object Repository/Page_DEMOQA/input_Date of Birth_dateOfBirthInput"), "13 Mar 2025"): Text '13 Mar 2025' is set on object 'Object Repository/Page_DEMOQA/input_Date of Birth_dateOfBirthInput'

13-03-2025T11:35:09 - [MESSAGE][PASSED] - Text '13 Mar 2025' is set on object 'Object Repository/Page_DEMOQA/input_Date of Birth_dateOfBirthInput'

13-03-2025T11:35:09 - [TEST_STEP][PASSED] - click(findTestObject("Object Repository/Page_DEMOQA/input_Date of Birth_dateOfBirthInput")): Object: 'Object Repository/Page_DEMOQA/input_Date of Birth_dateOfBirthInput' is clicked on

13-03-2025T11:35:10 - [MESSAGE][PASSED] - Object: 'Object Repository/Page_DEMOQA/input_Date of Birth_dateOfBirthInput' is clicked on

13-03-2025T11:35:10 - [TEST_STEP][PASSED] - selectOptionByValue(findTestObject("Object Repository/Page_DEMOQA/select_JanuaryFebruaryMarchAprilMayJuneJuly_566629"), "7", true): All options with value '7' are selected in object 'Object Repository/Page_DEMOQA/select_JanuaryFebruaryMarchAprilMayJuneJuly_566629'  using regular expression

13-03-2025T11:35:11 - [MESSAGE][PASSED] - All options with value '7' are selected in object 'Object Repository/Page_DEMOQA/select_JanuaryFebruaryMarchAprilMayJuneJuly_566629'  using regular expression

13-03-2025T11:35:11 - [TEST_STEP][PASSED] - selectOptionByValue(findTestObject("Object Repository/Page_DEMOQA/select_190019011902190319041905190619071908_246ee1"), "2000", true): All options with value '2000' are selected in object 'Object Repository/Page_DEMOQA/select_190019011902190319041905190619071908_246ee1'  using regular expression

13-03-2025T11:35:15 - [MESSAGE][PASSED] - All options with value '2000' are selected in object 'Object Repository/Page_DEMOQA/select_190019011902190319041905190619071908_246ee1'  using regular expression

13-03-2025T11:35:15 - [TEST_STEP][PASSED] - click(findTestObject("Object Repository/Page_DEMOQA/div_31")): Object: 'Object Repository/Page_DEMOQA/div_31' is clicked on

13-03-2025T11:35:15 - [MESSAGE][PASSED] - Object: 'Object Repository/Page_DEMOQA/div_31' is clicked on

13-03-2025T11:35:15 - [TEST_STEP][PASSED] - click(findTestObject("Object Repository/Page_DEMOQA/div_Subjects_subjects-auto-complete__value-_d244cf")): Object: 'Object Repository/Page_DEMOQA/div_Subjects_subjects-auto-complete__value-_d244cf' is clicked on

13-03-2025T11:35:15 - [MESSAGE][PASSED] - Object: 'Object Repository/Page_DEMOQA/div_Subjects_subjects-auto-complete__value-_d244cf' is clicked on

13-03-2025T11:35:15 - [TEST_STEP][PASSED] - setText(findTestObject("Object Repository/Page_DEMOQA/input_Subjects_subjectsInput"), ""): Text '' is set on object 'Object Repository/Page_DEMOQA/input_Subjects_subjectsInput'

13-03-2025T11:35:16 - [MESSAGE][PASSED] - Text '' is set on object 'Object Repository/Page_DEMOQA/input_Subjects_subjectsInput'

13-03-2025T11:35:16 - [TEST_STEP][PASSED] - click(findTestObject("Object Repository/Page_DEMOQA/input_Subjects_subjectsInput")): Object: 'Object Repository/Page_DEMOQA/input_Subjects_subjectsInput' is clicked on

13-03-2025T11:35:16 - [MESSAGE][PASSED] - Object: 'Object Repository/Page_DEMOQA/input_Subjects_subjectsInput' is clicked on

13-03-2025T11:35:16 - [TEST_STEP][PASSED] - click(findTestObject("Object Repository/Page_DEMOQA/div_Subjects_subjects-auto-complete__value-_d244cf")): Object: 'Object Repository/Page_DEMOQA/div_Subjects_subjects-auto-complete__value-_d244cf' is clicked on

13-03-2025T11:35:17 - [MESSAGE][PASSED] - Object: 'Object Repository/Page_DEMOQA/div_Subjects_subjects-auto-complete__value-_d244cf' is clicked on

13-03-2025T11:35:17 - [TEST_STEP][PASSED] - click(findTestObject("Object Repository/Page_DEMOQA/div_Subjects_subjects-auto-complete__value-_d244cf")): Object: 'Object Repository/Page_DEMOQA/div_Subjects_subjects-auto-complete__value-_d244cf' is clicked on

13-03-2025T11:35:17 - [MESSAGE][PASSED] - Object: 'Object Repository/Page_DEMOQA/div_Subjects_subjects-auto-complete__value-_d244cf' is clicked on

13-03-2025T11:35:17 - [TEST_STEP][PASSED] - setText(findTestObject("Object Repository/Page_DEMOQA/input_Subjects_subjectsInput"), "s"): Text 's' is set on object 'Object Repository/Page_DEMOQA/input_Subjects_subjectsInput'

13-03-2025T11:35:17 - [MESSAGE][PASSED] - Text 's' is set on object 'Object Repository/Page_DEMOQA/input_Subjects_subjectsInput'

13-03-2025T11:35:17 - [TEST_STEP][PASSED] - click(findTestObject("Object Repository/Page_DEMOQA/div_English")): Object: 'Object Repository/Page_DEMOQA/div_English' is clicked on

13-03-2025T11:35:18 - [MESSAGE][PASSED] - Object: 'Object Repository/Page_DEMOQA/div_English' is clicked on

13-03-2025T11:35:18 - [TEST_STEP][PASSED] - click(findTestObject("Object Repository/Page_DEMOQA/label_Sports")): Object: 'Object Repository/Page_DEMOQA/label_Sports' is clicked on

13-03-2025T11:35:19 - [MESSAGE][PASSED] - Object: 'Object Repository/Page_DEMOQA/label_Sports' is clicked on

13-03-2025T11:35:19 - [TEST_STEP][PASSED] - setText(findTestObject("Object Repository/Page_DEMOQA/textarea_Current Address_currentAddress"), "PONDOK BAMBU"): Text 'PONDOK BAMBU' is set on object 'Object Repository/Page_DEMOQA/textarea_Current Address_currentAddress'

13-03-2025T11:35:19 - [MESSAGE][PASSED] - Text 'PONDOK BAMBU' is set on object 'Object Repository/Page_DEMOQA/textarea_Current Address_currentAddress'

13-03-2025T11:35:19 - [TEST_STEP][PASSED] - click(findTestObject("Object Repository/Page_DEMOQA/div_Select State")): Object: 'Object Repository/Page_DEMOQA/div_Select State' is clicked on

13-03-2025T11:35:21 - [MESSAGE][PASSED] - Object: 'Object Repository/Page_DEMOQA/div_Select State' is clicked on

13-03-2025T11:35:21 - [TEST_STEP][PASSED] - click(findTestObject("Object Repository/Page_DEMOQA/div_NCR")): Object: 'Object Repository/Page_DEMOQA/div_NCR' is clicked on

13-03-2025T11:35:22 - [MESSAGE][PASSED] - Object: 'Object Repository/Page_DEMOQA/div_NCR' is clicked on

13-03-2025T11:35:22 - [TEST_STEP][PASSED] - click(findTestObject("Object Repository/Page_DEMOQA/button_Submit")): Object: 'Object Repository/Page_DEMOQA/button_Submit' is clicked on

13-03-2025T11:35:23 - [MESSAGE][PASSED] - Object: 'Object Repository/Page_DEMOQA/button_Submit' is clicked on

13-03-2025T11:35:23 - [TEST_STEP][PASSED] - closeBrowser(): Browser is closed

13-03-2025T11:35:23 - [MESSAGE][PASSED] - Browser is closed]]></system-out>
         <system-err><![CDATA[]]></system-err>
      </testcase>
      <testcase name="Test Cases/DemoQA Form" time="11.569" classname="Test Cases/DemoQA Form" status="PASSED">
         <system-out><![CDATA[13-03-2025T11:35:23 - [TEST_CASE][PASSED] - Test Cases/DemoQA Form: Test Cases/DemoQA Form

13-03-2025T11:35:23 - [TEST_STEP][PASSED] - openBrowser(""): Browser is opened with url: ''

13-03-2025T11:35:23 - [MESSAGE][INFO] - Starting 'Chrome' driver

13-03-2025T11:35:23 - [MESSAGE][INFO] - Action delay is set to 0 milliseconds

13-03-2025T11:35:24 - [MESSAGE][PASSED] - Browser is opened with url: ''

13-03-2025T11:35:24 - [TEST_STEP][PASSED] - navigateToUrl("https://demoqa.com/"): Navigate to 'https://demoqa.com/' successfully

13-03-2025T11:35:27 - [MESSAGE][PASSED] - Navigate to 'https://demoqa.com/' successfully

13-03-2025T11:35:27 - [TEST_STEP][PASSED] - click(findTestObject("Object Repository/Page_DEMOQA/div_Elements")): Object: 'Object Repository/Page_DEMOQA/div_Elements' is clicked on

13-03-2025T11:35:28 - [MESSAGE][PASSED] - Object: 'Object Repository/Page_DEMOQA/div_Elements' is clicked on

13-03-2025T11:35:28 - [TEST_STEP][PASSED] - click(findTestObject("Object Repository/Page_DEMOQA/li_Text Box")): Object: 'Object Repository/Page_DEMOQA/li_Text Box' is clicked on

13-03-2025T11:35:30 - [MESSAGE][PASSED] - Object: 'Object Repository/Page_DEMOQA/li_Text Box' is clicked on

13-03-2025T11:35:30 - [TEST_STEP][PASSED] - setText(findTestObject("Object Repository/Page_DEMOQA/input_Full Name_userName"), "Yusuf Rangkuti"): Text 'Yusuf Rangkuti' is set on object 'Object Repository/Page_DEMOQA/input_Full Name_userName'

13-03-2025T11:35:32 - [MESSAGE][PASSED] - Text 'Yusuf Rangkuti' is set on object 'Object Repository/Page_DEMOQA/input_Full Name_userName'

13-03-2025T11:35:32 - [TEST_STEP][PASSED] - setText(findTestObject("Object Repository/Page_DEMOQA/input_Email_userEmail"), "rangkuti289@gmail.com"): Text 'rangkuti289@gmail.com' is set on object 'Object Repository/Page_DEMOQA/input_Email_userEmail'

13-03-2025T11:35:33 - [MESSAGE][PASSED] - Text 'rangkuti289@gmail.com' is set on object 'Object Repository/Page_DEMOQA/input_Email_userEmail'

13-03-2025T11:35:33 - [TEST_STEP][PASSED] - setText(findTestObject("Object Repository/Page_DEMOQA/textarea_Current Address_currentAddress"), "VILLA PADURENAN INDAH 3 "): Text 'VILLA PADURENAN INDAH 3 ' is set on object 'Object Repository/Page_DEMOQA/textarea_Current Address_currentAddress'

13-03-2025T11:35:33 - [MESSAGE][PASSED] - Text 'VILLA PADURENAN INDAH 3 ' is set on object 'Object Repository/Page_DEMOQA/textarea_Current Address_currentAddress'

13-03-2025T11:35:33 - [TEST_STEP][PASSED] - setText(findTestObject("Object Repository/Page_DEMOQA/textarea_Permanent Address_permanentAddress"), "VILLA PADURENAN INDAH 3 "): Text 'VILLA PADURENAN INDAH 3 ' is set on object 'Object Repository/Page_DEMOQA/textarea_Permanent Address_permanentAddress'

13-03-2025T11:35:34 - [MESSAGE][PASSED] - Text 'VILLA PADURENAN INDAH 3 ' is set on object 'Object Repository/Page_DEMOQA/textarea_Permanent Address_permanentAddress'

13-03-2025T11:35:34 - [TEST_STEP][PASSED] - click(findTestObject("Object Repository/Page_DEMOQA/button_Submit")): Object: 'Object Repository/Page_DEMOQA/button_Submit' is clicked on

13-03-2025T11:35:34 - [MESSAGE][PASSED] - Object: 'Object Repository/Page_DEMOQA/button_Submit' is clicked on

13-03-2025T11:35:34 - [TEST_STEP][PASSED] - closeBrowser(): Browser is closed

13-03-2025T11:35:34 - [MESSAGE][PASSED] - Browser is closed]]></system-out>
         <system-err><![CDATA[]]></system-err>
      </testcase>
      <system-out><![CDATA[13-03-2025T11:34:48 - [TEST_SUITE][PASSED] - DEMO QA FORM_LOGIN: Test Cases/DemoQA Form]]></system-out>
      <system-err><![CDATA[]]></system-err>
   </testsuite>
</testsuites>
