<?xml version="1.0" encoding="UTF-8"?>
<testsuites name="DemoQALogin" time="54.41" tests="1" failures="0" errors="0">
   <testsuite name="DemoQALogin" tests="1" failures="0" errors="0" time="54.41" skipped="0" timestamp="13-03-2025T11:17:05" hostname="yusuf - LAPTOP-T2JL6T9B" id="Test Suites/DemoQALogin">
      <properties>
         <property name="deviceName" value=""/>
         <property name="devicePlatform"/>
         <property name="logFolder" value="C:\\Users\\yusuf\\git\\ExpertKatalon\\Reports\\20250313_111701\\DemoQALogin\\20250313_111702"/>
         <property name="logFiles" value="C:\\Users\\yusuf\\git\\ExpertKatalon\\Reports\\20250313_111701\\DemoQALogin\\20250313_111702\\execution0.log"/>
         <property name="attachments" value=""/>
         <property name="hostName" value="yusuf - LAPTOP-T2JL6T9B"/>
         <property name="os" value="Windows 11 64bit"/>
         <property name="katalonVersion" value="10.1.0.223"/>
         <property name="browser" value="Chrome 134.0.6998.37"/>
         <property name="hostAddress" value="192.168.165.101"/>
         <property name="sessionId" value="b8425e9d38a1f7449c8b14059298d5c2"/>
         <property name="seleniumVersion" value="4.22.0"/>
         <property name="proxyInformation" value="ProxyInformation { proxyOption=NO_PROXY, proxyServerType=HTTP, username=, password=********, proxyServerAddress=, proxyServerPort=0, executionList=&quot;&quot;, isApplyToDesiredCapabilities=true }"/>
         <property name="platform" value="Windows 11"/>
      </properties>
      <testcase name="Test Cases/Web Demo QA Login" time="54.15" classname="Test Cases/Web Demo QA Login" status="PASSED">
         <system-out><![CDATA[13-03-2025T11:17:05 - [TEST_CASE][PASSED] - Test Cases/Web Demo QA Login: Test Cases/Web Demo QA Login

13-03-2025T11:17:05 - [TEST_STEP][PASSED] - openBrowser(""): Browser is opened with url: ''

13-03-2025T11:17:06 - [MESSAGE][INFO] - Starting 'Chrome' driver

13-03-2025T11:17:06 - [MESSAGE][INFO] - Action delay is set to 0 milliseconds

13-03-2025T11:17:07 - [MESSAGE][PASSED] - Browser is opened with url: ''

13-03-2025T11:17:07 - [TEST_STEP][PASSED] - navigateToUrl("https://demoqa.com/"): Navigate to 'https://demoqa.com/' successfully

13-03-2025T11:17:12 - [MESSAGE][PASSED] - Navigate to 'https://demoqa.com/' successfully

13-03-2025T11:17:12 - [TEST_STEP][PASSED] - click(findTestObject("Object Repository/Page_DEMOQA/svg")): Object: 'Object Repository/Page_DEMOQA/svg' is clicked on

13-03-2025T11:17:13 - [MESSAGE][PASSED] - Object: 'Object Repository/Page_DEMOQA/svg' is clicked on

13-03-2025T11:17:13 - [TEST_STEP][PASSED] - click(findTestObject("Object Repository/Page_DEMOQA/div_Forms")): Object: 'Object Repository/Page_DEMOQA/div_Forms' is clicked on

13-03-2025T11:17:15 - [MESSAGE][PASSED] - Object: 'Object Repository/Page_DEMOQA/div_Forms' is clicked on

13-03-2025T11:17:15 - [TEST_STEP][PASSED] - click(findTestObject("Object Repository/Page_DEMOQA/div_Forms")): Object: 'Object Repository/Page_DEMOQA/div_Forms' is clicked on

13-03-2025T11:17:15 - [MESSAGE][PASSED] - Object: 'Object Repository/Page_DEMOQA/div_Forms' is clicked on

13-03-2025T11:17:15 - [TEST_STEP][PASSED] - click(findTestObject("Object Repository/Page_DEMOQA/li_Practice Form")): Object: 'Object Repository/Page_DEMOQA/li_Practice Form' is clicked on

13-03-2025T11:17:20 - [MESSAGE][PASSED] - Object: 'Object Repository/Page_DEMOQA/li_Practice Form' is clicked on

13-03-2025T11:17:20 - [TEST_STEP][PASSED] - setText(findTestObject("Object Repository/Page_DEMOQA/input_Name_firstName"), "Yusuf"): Text 'Yusuf' is set on object 'Object Repository/Page_DEMOQA/input_Name_firstName'

13-03-2025T11:17:21 - [MESSAGE][PASSED] - Text 'Yusuf' is set on object 'Object Repository/Page_DEMOQA/input_Name_firstName'

13-03-2025T11:17:21 - [TEST_STEP][PASSED] - setText(findTestObject("Object Repository/Page_DEMOQA/input_Name_lastName"), "Rangkuti"): Text 'Rangkuti' is set on object 'Object Repository/Page_DEMOQA/input_Name_lastName'

13-03-2025T11:17:21 - [MESSAGE][PASSED] - Text 'Rangkuti' is set on object 'Object Repository/Page_DEMOQA/input_Name_lastName'

13-03-2025T11:17:21 - [TEST_STEP][PASSED] - setText(findTestObject("Object Repository/Page_DEMOQA/input_Email_userEmail"), "claysystemhack@gmail.com"): Text 'claysystemhack@gmail.com' is set on object 'Object Repository/Page_DEMOQA/input_Email_userEmail'

13-03-2025T11:17:22 - [MESSAGE][PASSED] - Text 'claysystemhack@gmail.com' is set on object 'Object Repository/Page_DEMOQA/input_Email_userEmail'

13-03-2025T11:17:22 - [TEST_STEP][PASSED] - click(findTestObject("Object Repository/Page_DEMOQA/label_Male")): Object: 'Object Repository/Page_DEMOQA/label_Male' is clicked on

13-03-2025T11:17:22 - [MESSAGE][PASSED] - Object: 'Object Repository/Page_DEMOQA/label_Male' is clicked on

13-03-2025T11:17:22 - [TEST_STEP][PASSED] - setText(findTestObject("Object Repository/Page_DEMOQA/input_(10 Digits)_userNumber"), "0896784788"): Text '0896784788' is set on object 'Object Repository/Page_DEMOQA/input_(10 Digits)_userNumber'

13-03-2025T11:17:23 - [MESSAGE][PASSED] - Text '0896784788' is set on object 'Object Repository/Page_DEMOQA/input_(10 Digits)_userNumber'

13-03-2025T11:17:23 - [TEST_STEP][PASSED] - setText(findTestObject("Object Repository/Page_DEMOQA/input_Date of Birth_dateOfBirthInput"), "13 Mar 2025"): Text '13 Mar 2025' is set on object 'Object Repository/Page_DEMOQA/input_Date of Birth_dateOfBirthInput'

13-03-2025T11:17:24 - [MESSAGE][PASSED] - Text '13 Mar 2025' is set on object 'Object Repository/Page_DEMOQA/input_Date of Birth_dateOfBirthInput'

13-03-2025T11:17:24 - [TEST_STEP][PASSED] - click(findTestObject("Object Repository/Page_DEMOQA/input_Date of Birth_dateOfBirthInput")): Object: 'Object Repository/Page_DEMOQA/input_Date of Birth_dateOfBirthInput' is clicked on

13-03-2025T11:17:24 - [MESSAGE][PASSED] - Object: 'Object Repository/Page_DEMOQA/input_Date of Birth_dateOfBirthInput' is clicked on

13-03-2025T11:17:24 - [TEST_STEP][PASSED] - selectOptionByValue(findTestObject("Object Repository/Page_DEMOQA/select_JanuaryFebruaryMarchAprilMayJuneJuly_566629"), "7", true): All options with value '7' are selected in object 'Object Repository/Page_DEMOQA/select_JanuaryFebruaryMarchAprilMayJuneJuly_566629'  using regular expression

13-03-2025T11:17:25 - [MESSAGE][PASSED] - All options with value '7' are selected in object 'Object Repository/Page_DEMOQA/select_JanuaryFebruaryMarchAprilMayJuneJuly_566629'  using regular expression

13-03-2025T11:17:25 - [TEST_STEP][PASSED] - selectOptionByValue(findTestObject("Object Repository/Page_DEMOQA/select_190019011902190319041905190619071908_246ee1"), "2000", true): All options with value '2000' are selected in object 'Object Repository/Page_DEMOQA/select_190019011902190319041905190619071908_246ee1'  using regular expression

13-03-2025T11:17:29 - [MESSAGE][PASSED] - All options with value '2000' are selected in object 'Object Repository/Page_DEMOQA/select_190019011902190319041905190619071908_246ee1'  using regular expression

13-03-2025T11:17:29 - [TEST_STEP][PASSED] - click(findTestObject("Object Repository/Page_DEMOQA/div_31")): Object: 'Object Repository/Page_DEMOQA/div_31' is clicked on

13-03-2025T11:17:29 - [MESSAGE][PASSED] - Object: 'Object Repository/Page_DEMOQA/div_31' is clicked on

13-03-2025T11:17:29 - [TEST_STEP][PASSED] - click(findTestObject("Object Repository/Page_DEMOQA/div_Subjects_subjects-auto-complete__value-_d244cf")): Object: 'Object Repository/Page_DEMOQA/div_Subjects_subjects-auto-complete__value-_d244cf' is clicked on

13-03-2025T11:17:30 - [MESSAGE][PASSED] - Object: 'Object Repository/Page_DEMOQA/div_Subjects_subjects-auto-complete__value-_d244cf' is clicked on

13-03-2025T11:17:30 - [TEST_STEP][PASSED] - setText(findTestObject("Object Repository/Page_DEMOQA/input_Subjects_subjectsInput"), ""): Text '' is set on object 'Object Repository/Page_DEMOQA/input_Subjects_subjectsInput'

13-03-2025T11:17:31 - [MESSAGE][PASSED] - Text '' is set on object 'Object Repository/Page_DEMOQA/input_Subjects_subjectsInput'

13-03-2025T11:17:31 - [TEST_STEP][PASSED] - click(findTestObject("Object Repository/Page_DEMOQA/input_Subjects_subjectsInput")): Object: 'Object Repository/Page_DEMOQA/input_Subjects_subjectsInput' is clicked on

13-03-2025T11:17:31 - [MESSAGE][PASSED] - Object: 'Object Repository/Page_DEMOQA/input_Subjects_subjectsInput' is clicked on

13-03-2025T11:17:31 - [TEST_STEP][PASSED] - click(findTestObject("Object Repository/Page_DEMOQA/div_Subjects_subjects-auto-complete__value-_d244cf")): Object: 'Object Repository/Page_DEMOQA/div_Subjects_subjects-auto-complete__value-_d244cf' is clicked on

13-03-2025T11:17:31 - [MESSAGE][PASSED] - Object: 'Object Repository/Page_DEMOQA/div_Subjects_subjects-auto-complete__value-_d244cf' is clicked on

13-03-2025T11:17:31 - [TEST_STEP][PASSED] - click(findTestObject("Object Repository/Page_DEMOQA/div_Subjects_subjects-auto-complete__value-_d244cf")): Object: 'Object Repository/Page_DEMOQA/div_Subjects_subjects-auto-complete__value-_d244cf' is clicked on

13-03-2025T11:17:31 - [MESSAGE][PASSED] - Object: 'Object Repository/Page_DEMOQA/div_Subjects_subjects-auto-complete__value-_d244cf' is clicked on

13-03-2025T11:17:31 - [TEST_STEP][PASSED] - setText(findTestObject("Object Repository/Page_DEMOQA/input_Subjects_subjectsInput"), "s"): Text 's' is set on object 'Object Repository/Page_DEMOQA/input_Subjects_subjectsInput'

13-03-2025T11:17:32 - [MESSAGE][PASSED] - Text 's' is set on object 'Object Repository/Page_DEMOQA/input_Subjects_subjectsInput'

13-03-2025T11:17:32 - [TEST_STEP][PASSED] - click(findTestObject("Object Repository/Page_DEMOQA/div_English")): Object: 'Object Repository/Page_DEMOQA/div_English' is clicked on

13-03-2025T11:17:32 - [MESSAGE][PASSED] - Object: 'Object Repository/Page_DEMOQA/div_English' is clicked on

13-03-2025T11:17:32 - [TEST_STEP][PASSED] - click(findTestObject("Object Repository/Page_DEMOQA/label_Sports")): Object: 'Object Repository/Page_DEMOQA/label_Sports' is clicked on

13-03-2025T11:17:33 - [MESSAGE][PASSED] - Object: 'Object Repository/Page_DEMOQA/label_Sports' is clicked on

13-03-2025T11:17:33 - [TEST_STEP][PASSED] - setText(findTestObject("Object Repository/Page_DEMOQA/textarea_Current Address_currentAddress"), "PONDOK BAMBU"): Text 'PONDOK BAMBU' is set on object 'Object Repository/Page_DEMOQA/textarea_Current Address_currentAddress'

13-03-2025T11:17:33 - [MESSAGE][PASSED] - Text 'PONDOK BAMBU' is set on object 'Object Repository/Page_DEMOQA/textarea_Current Address_currentAddress'

13-03-2025T11:17:33 - [TEST_STEP][PASSED] - click(findTestObject("Object Repository/Page_DEMOQA/div_Select State")): Object: 'Object Repository/Page_DEMOQA/div_Select State' is clicked on

13-03-2025T11:17:57 - [MESSAGE][PASSED] - Object: 'Object Repository/Page_DEMOQA/div_Select State' is clicked on

13-03-2025T11:17:57 - [TEST_STEP][PASSED] - click(findTestObject("Object Repository/Page_DEMOQA/div_NCR")): Object: 'Object Repository/Page_DEMOQA/div_NCR' is clicked on

13-03-2025T11:17:57 - [MESSAGE][PASSED] - Object: 'Object Repository/Page_DEMOQA/div_NCR' is clicked on

13-03-2025T11:17:57 - [TEST_STEP][PASSED] - click(findTestObject("Object Repository/Page_DEMOQA/div_Select City")): Object: 'Object Repository/Page_DEMOQA/div_Select City' is clicked on

13-03-2025T11:17:58 - [MESSAGE][PASSED] - Object: 'Object Repository/Page_DEMOQA/div_Select City' is clicked on

13-03-2025T11:17:58 - [TEST_STEP][PASSED] - click(findTestObject("Object Repository/Page_DEMOQA/div_Noida")): Object: 'Object Repository/Page_DEMOQA/div_Noida' is clicked on

13-03-2025T11:17:58 - [MESSAGE][PASSED] - Object: 'Object Repository/Page_DEMOQA/div_Noida' is clicked on

13-03-2025T11:17:58 - [TEST_STEP][PASSED] - click(findTestObject("Object Repository/Page_DEMOQA/button_Submit")): Object: 'Object Repository/Page_DEMOQA/button_Submit' is clicked on

13-03-2025T11:17:59 - [MESSAGE][PASSED] - Object: 'Object Repository/Page_DEMOQA/button_Submit' is clicked on

13-03-2025T11:17:59 - [TEST_STEP][PASSED] - click(findTestObject("Object Repository/Page_DEMOQA/button_Close")): Object: 'Object Repository/Page_DEMOQA/button_Close' is clicked on

13-03-2025T11:17:59 - [MESSAGE][PASSED] - Object: 'Object Repository/Page_DEMOQA/button_Close' is clicked on]]></system-out>
         <system-err><![CDATA[]]></system-err>
      </testcase>
      <system-out><![CDATA[13-03-2025T11:17:05 - [TEST_SUITE][PASSED] - DemoQALogin: Test Cases/Web Demo QA Login]]></system-out>
      <system-err><![CDATA[]]></system-err>
   </testsuite>
</testsuites>
