<?xml version="1.0" encoding="UTF-8"?>
<testsuites name="DEMO QA FORM_LOGIN" time="85.555" tests="4" failures="0" errors="0">
   <testsuite name="DEMO QA FORM_LOGIN" tests="4" failures="0" errors="0" time="85.555" skipped="0" timestamp="13-03-2025T11:36:12" hostname="yusuf - LAPTOP-T2JL6T9B" id="Test Suites/DEMO QA FORM_LOGIN">
      <properties>
         <property name="deviceName" value=""/>
         <property name="devicePlatform"/>
         <property name="logFolder" value="C:\\Users\\yusuf\\git\\ExpertKatalon\\Reports\\20250313_113608\\DEMO QA FORM_LOGIN\\20250313_113609"/>
         <property name="logFiles" value="C:\\Users\\yusuf\\git\\ExpertKatalon\\Reports\\20250313_113608\\DEMO QA FORM_LOGIN\\20250313_113609\\execution0.log"/>
         <property name="attachments" value=""/>
         <property name="hostName" value="yusuf - LAPTOP-T2JL6T9B"/>
         <property name="os" value="Windows 11 64bit"/>
         <property name="katalonVersion" value="10.1.0.223"/>
         <property name="browser" value="Chrome 134.0.6998.37"/>
         <property name="hostAddress" value="192.168.165.101"/>
         <property name="sessionId" value="a6466d56288a77d04b80e3360a9ddefc"/>
         <property name="seleniumVersion" value="4.22.0"/>
         <property name="proxyInformation" value="ProxyInformation { proxyOption=NO_PROXY, proxyServerType=HTTP, username=, password=********, proxyServerAddress=, proxyServerPort=0, executionList=&quot;&quot;, isApplyToDesiredCapabilities=true }"/>
         <property name="platform" value="Windows 11"/>
      </properties>
      <testcase name="Test Cases/Web Demo QA Login" time="26.377" classname="Test Cases/Web Demo QA Login" status="PASSED">
         <system-out><![CDATA[13-03-2025T11:36:12 - [TEST_CASE][PASSED] - Test Cases/Web Demo QA Login: Test Cases/Web Demo QA Login

13-03-2025T11:36:13 - [TEST_STEP][PASSED] - openBrowser(""): Browser is opened with url: ''

13-03-2025T11:36:13 - [MESSAGE][INFO] - Starting 'Chrome' driver

13-03-2025T11:36:13 - [MESSAGE][INFO] - Action delay is set to 0 milliseconds

13-03-2025T11:36:15 - [MESSAGE][PASSED] - Browser is opened with url: ''

13-03-2025T11:36:15 - [TEST_STEP][PASSED] - navigateToUrl("https://demoqa.com/"): Navigate to 'https://demoqa.com/' successfully

13-03-2025T11:36:19 - [MESSAGE][PASSED] - Navigate to 'https://demoqa.com/' successfully

13-03-2025T11:36:19 - [TEST_STEP][PASSED] - click(findTestObject("Object Repository/Page_DEMOQA/svg")): Object: 'Object Repository/Page_DEMOQA/svg' is clicked on

13-03-2025T11:36:20 - [MESSAGE][PASSED] - Object: 'Object Repository/Page_DEMOQA/svg' is clicked on

13-03-2025T11:36:20 - [TEST_STEP][PASSED] - click(findTestObject("Object Repository/Page_DEMOQA/div_Forms")): Object: 'Object Repository/Page_DEMOQA/div_Forms' is clicked on

13-03-2025T11:36:22 - [MESSAGE][PASSED] - Object: 'Object Repository/Page_DEMOQA/div_Forms' is clicked on

13-03-2025T11:36:22 - [TEST_STEP][PASSED] - click(findTestObject("Object Repository/Page_DEMOQA/div_Forms")): Object: 'Object Repository/Page_DEMOQA/div_Forms' is clicked on

13-03-2025T11:36:23 - [MESSAGE][PASSED] - Object: 'Object Repository/Page_DEMOQA/div_Forms' is clicked on

13-03-2025T11:36:23 - [TEST_STEP][PASSED] - click(findTestObject("Object Repository/Page_DEMOQA/li_Practice Form")): Object: 'Object Repository/Page_DEMOQA/li_Practice Form' is clicked on

13-03-2025T11:36:24 - [MESSAGE][PASSED] - Object: 'Object Repository/Page_DEMOQA/li_Practice Form' is clicked on

13-03-2025T11:36:24 - [TEST_STEP][PASSED] - setText(findTestObject("Object Repository/Page_DEMOQA/input_Name_firstName"), "Yusuf"): Text 'Yusuf' is set on object 'Object Repository/Page_DEMOQA/input_Name_firstName'

13-03-2025T11:36:25 - [MESSAGE][PASSED] - Text 'Yusuf' is set on object 'Object Repository/Page_DEMOQA/input_Name_firstName'

13-03-2025T11:36:25 - [TEST_STEP][PASSED] - setText(findTestObject("Object Repository/Page_DEMOQA/input_Name_lastName"), "Rangkuti"): Text 'Rangkuti' is set on object 'Object Repository/Page_DEMOQA/input_Name_lastName'

13-03-2025T11:36:25 - [MESSAGE][PASSED] - Text 'Rangkuti' is set on object 'Object Repository/Page_DEMOQA/input_Name_lastName'

13-03-2025T11:36:25 - [TEST_STEP][PASSED] - setText(findTestObject("Object Repository/Page_DEMOQA/input_Email_userEmail"), "claysystemhack@gmail.com"): Text 'claysystemhack@gmail.com' is set on object 'Object Repository/Page_DEMOQA/input_Email_userEmail'

13-03-2025T11:36:26 - [MESSAGE][PASSED] - Text 'claysystemhack@gmail.com' is set on object 'Object Repository/Page_DEMOQA/input_Email_userEmail'

13-03-2025T11:36:26 - [TEST_STEP][PASSED] - click(findTestObject("Object Repository/Page_DEMOQA/label_Male")): Object: 'Object Repository/Page_DEMOQA/label_Male' is clicked on

13-03-2025T11:36:26 - [MESSAGE][PASSED] - Object: 'Object Repository/Page_DEMOQA/label_Male' is clicked on

13-03-2025T11:36:26 - [TEST_STEP][PASSED] - setText(findTestObject("Object Repository/Page_DEMOQA/input_(10 Digits)_userNumber"), "0896784788"): Text '0896784788' is set on object 'Object Repository/Page_DEMOQA/input_(10 Digits)_userNumber'

13-03-2025T11:36:27 - [MESSAGE][PASSED] - Text '0896784788' is set on object 'Object Repository/Page_DEMOQA/input_(10 Digits)_userNumber'

13-03-2025T11:36:27 - [TEST_STEP][PASSED] - setText(findTestObject("Object Repository/Page_DEMOQA/input_Date of Birth_dateOfBirthInput"), "13 Mar 2025"): Text '13 Mar 2025' is set on object 'Object Repository/Page_DEMOQA/input_Date of Birth_dateOfBirthInput'

13-03-2025T11:36:27 - [MESSAGE][PASSED] - Text '13 Mar 2025' is set on object 'Object Repository/Page_DEMOQA/input_Date of Birth_dateOfBirthInput'

13-03-2025T11:36:27 - [TEST_STEP][PASSED] - click(findTestObject("Object Repository/Page_DEMOQA/input_Date of Birth_dateOfBirthInput")): Object: 'Object Repository/Page_DEMOQA/input_Date of Birth_dateOfBirthInput' is clicked on

13-03-2025T11:36:28 - [MESSAGE][PASSED] - Object: 'Object Repository/Page_DEMOQA/input_Date of Birth_dateOfBirthInput' is clicked on

13-03-2025T11:36:28 - [TEST_STEP][PASSED] - selectOptionByValue(findTestObject("Object Repository/Page_DEMOQA/select_JanuaryFebruaryMarchAprilMayJuneJuly_566629"), "7", true): All options with value '7' are selected in object 'Object Repository/Page_DEMOQA/select_JanuaryFebruaryMarchAprilMayJuneJuly_566629'  using regular expression

13-03-2025T11:36:29 - [MESSAGE][PASSED] - All options with value '7' are selected in object 'Object Repository/Page_DEMOQA/select_JanuaryFebruaryMarchAprilMayJuneJuly_566629'  using regular expression

13-03-2025T11:36:29 - [TEST_STEP][PASSED] - selectOptionByValue(findTestObject("Object Repository/Page_DEMOQA/select_190019011902190319041905190619071908_246ee1"), "2000", true): All options with value '2000' are selected in object 'Object Repository/Page_DEMOQA/select_190019011902190319041905190619071908_246ee1'  using regular expression

13-03-2025T11:36:33 - [MESSAGE][PASSED] - All options with value '2000' are selected in object 'Object Repository/Page_DEMOQA/select_190019011902190319041905190619071908_246ee1'  using regular expression

13-03-2025T11:36:33 - [TEST_STEP][PASSED] - click(findTestObject("Object Repository/Page_DEMOQA/div_31")): Object: 'Object Repository/Page_DEMOQA/div_31' is clicked on

13-03-2025T11:36:33 - [MESSAGE][PASSED] - Object: 'Object Repository/Page_DEMOQA/div_31' is clicked on

13-03-2025T11:36:33 - [TEST_STEP][PASSED] - click(findTestObject("Object Repository/Page_DEMOQA/div_Subjects_subjects-auto-complete__value-_d244cf")): Object: 'Object Repository/Page_DEMOQA/div_Subjects_subjects-auto-complete__value-_d244cf' is clicked on

13-03-2025T11:36:34 - [MESSAGE][PASSED] - Object: 'Object Repository/Page_DEMOQA/div_Subjects_subjects-auto-complete__value-_d244cf' is clicked on

13-03-2025T11:36:34 - [TEST_STEP][PASSED] - setText(findTestObject("Object Repository/Page_DEMOQA/input_Subjects_subjectsInput"), ""): Text '' is set on object 'Object Repository/Page_DEMOQA/input_Subjects_subjectsInput'

13-03-2025T11:36:34 - [MESSAGE][PASSED] - Text '' is set on object 'Object Repository/Page_DEMOQA/input_Subjects_subjectsInput'

13-03-2025T11:36:34 - [TEST_STEP][PASSED] - click(findTestObject("Object Repository/Page_DEMOQA/input_Subjects_subjectsInput")): Object: 'Object Repository/Page_DEMOQA/input_Subjects_subjectsInput' is clicked on

13-03-2025T11:36:35 - [MESSAGE][PASSED] - Object: 'Object Repository/Page_DEMOQA/input_Subjects_subjectsInput' is clicked on

13-03-2025T11:36:35 - [TEST_STEP][PASSED] - click(findTestObject("Object Repository/Page_DEMOQA/div_Subjects_subjects-auto-complete__value-_d244cf")): Object: 'Object Repository/Page_DEMOQA/div_Subjects_subjects-auto-complete__value-_d244cf' is clicked on

13-03-2025T11:36:35 - [MESSAGE][PASSED] - Object: 'Object Repository/Page_DEMOQA/div_Subjects_subjects-auto-complete__value-_d244cf' is clicked on

13-03-2025T11:36:35 - [TEST_STEP][PASSED] - click(findTestObject("Object Repository/Page_DEMOQA/div_Subjects_subjects-auto-complete__value-_d244cf")): Object: 'Object Repository/Page_DEMOQA/div_Subjects_subjects-auto-complete__value-_d244cf' is clicked on

13-03-2025T11:36:35 - [MESSAGE][PASSED] - Object: 'Object Repository/Page_DEMOQA/div_Subjects_subjects-auto-complete__value-_d244cf' is clicked on

13-03-2025T11:36:35 - [TEST_STEP][PASSED] - setText(findTestObject("Object Repository/Page_DEMOQA/input_Subjects_subjectsInput"), "s"): Text 's' is set on object 'Object Repository/Page_DEMOQA/input_Subjects_subjectsInput'

13-03-2025T11:36:36 - [MESSAGE][PASSED] - Text 's' is set on object 'Object Repository/Page_DEMOQA/input_Subjects_subjectsInput'

13-03-2025T11:36:36 - [TEST_STEP][PASSED] - click(findTestObject("Object Repository/Page_DEMOQA/div_English")): Object: 'Object Repository/Page_DEMOQA/div_English' is clicked on

13-03-2025T11:36:36 - [MESSAGE][PASSED] - Object: 'Object Repository/Page_DEMOQA/div_English' is clicked on

13-03-2025T11:36:36 - [TEST_STEP][PASSED] - click(findTestObject("Object Repository/Page_DEMOQA/label_Sports")): Object: 'Object Repository/Page_DEMOQA/label_Sports' is clicked on

13-03-2025T11:36:37 - [MESSAGE][PASSED] - Object: 'Object Repository/Page_DEMOQA/label_Sports' is clicked on

13-03-2025T11:36:37 - [TEST_STEP][PASSED] - setText(findTestObject("Object Repository/Page_DEMOQA/textarea_Current Address_currentAddress"), "PONDOK BAMBU"): Text 'PONDOK BAMBU' is set on object 'Object Repository/Page_DEMOQA/textarea_Current Address_currentAddress'

13-03-2025T11:36:37 - [MESSAGE][PASSED] - Text 'PONDOK BAMBU' is set on object 'Object Repository/Page_DEMOQA/textarea_Current Address_currentAddress'

13-03-2025T11:36:37 - [TEST_STEP][PASSED] - click(findTestObject("Object Repository/Page_DEMOQA/div_Select State")): Object: 'Object Repository/Page_DEMOQA/div_Select State' is clicked on

13-03-2025T11:36:38 - [MESSAGE][PASSED] - Object: 'Object Repository/Page_DEMOQA/div_Select State' is clicked on

13-03-2025T11:36:38 - [TEST_STEP][PASSED] - click(findTestObject("Object Repository/Page_DEMOQA/div_NCR")): Object: 'Object Repository/Page_DEMOQA/div_NCR' is clicked on

13-03-2025T11:36:38 - [MESSAGE][PASSED] - Object: 'Object Repository/Page_DEMOQA/div_NCR' is clicked on

13-03-2025T11:36:38 - [TEST_STEP][PASSED] - click(findTestObject("Object Repository/Page_DEMOQA/button_Submit")): Object: 'Object Repository/Page_DEMOQA/button_Submit' is clicked on

13-03-2025T11:36:39 - [MESSAGE][PASSED] - Object: 'Object Repository/Page_DEMOQA/button_Submit' is clicked on

13-03-2025T11:36:39 - [TEST_STEP][PASSED] - closeBrowser(): Browser is closed

13-03-2025T11:36:39 - [MESSAGE][PASSED] - Browser is closed]]></system-out>
         <system-err><![CDATA[]]></system-err>
      </testcase>
      <testcase name="Test Cases/DemoQA Form" time="24.975" classname="Test Cases/DemoQA Form" status="PASSED">
         <system-out><![CDATA[13-03-2025T11:36:39 - [TEST_CASE][PASSED] - Test Cases/DemoQA Form: Test Cases/DemoQA Form

13-03-2025T11:36:39 - [TEST_STEP][PASSED] - openBrowser(""): Browser is opened with url: ''

13-03-2025T11:36:39 - [MESSAGE][INFO] - Starting 'Chrome' driver

13-03-2025T11:36:39 - [MESSAGE][INFO] - Action delay is set to 0 milliseconds

13-03-2025T11:36:40 - [MESSAGE][PASSED] - Browser is opened with url: ''

13-03-2025T11:36:40 - [TEST_STEP][PASSED] - navigateToUrl("https://demoqa.com/"): Navigate to 'https://demoqa.com/' successfully

13-03-2025T11:36:55 - [MESSAGE][PASSED] - Navigate to 'https://demoqa.com/' successfully

13-03-2025T11:36:55 - [TEST_STEP][PASSED] - click(findTestObject("Object Repository/Page_DEMOQA/div_Elements")): Object: 'Object Repository/Page_DEMOQA/div_Elements' is clicked on

13-03-2025T11:36:57 - [MESSAGE][PASSED] - Object: 'Object Repository/Page_DEMOQA/div_Elements' is clicked on

13-03-2025T11:36:57 - [TEST_STEP][PASSED] - click(findTestObject("Object Repository/Page_DEMOQA/li_Text Box")): Object: 'Object Repository/Page_DEMOQA/li_Text Box' is clicked on

13-03-2025T11:36:59 - [MESSAGE][PASSED] - Object: 'Object Repository/Page_DEMOQA/li_Text Box' is clicked on

13-03-2025T11:36:59 - [TEST_STEP][PASSED] - setText(findTestObject("Object Repository/Page_DEMOQA/input_Full Name_userName"), "Yusuf Rangkuti"): Text 'Yusuf Rangkuti' is set on object 'Object Repository/Page_DEMOQA/input_Full Name_userName'

13-03-2025T11:37:02 - [MESSAGE][PASSED] - Text 'Yusuf Rangkuti' is set on object 'Object Repository/Page_DEMOQA/input_Full Name_userName'

13-03-2025T11:37:02 - [TEST_STEP][PASSED] - setText(findTestObject("Object Repository/Page_DEMOQA/input_Email_userEmail"), "rangkuti289@gmail.com"): Text 'rangkuti289@gmail.com' is set on object 'Object Repository/Page_DEMOQA/input_Email_userEmail'

13-03-2025T11:37:02 - [MESSAGE][PASSED] - Text 'rangkuti289@gmail.com' is set on object 'Object Repository/Page_DEMOQA/input_Email_userEmail'

13-03-2025T11:37:02 - [TEST_STEP][PASSED] - setText(findTestObject("Object Repository/Page_DEMOQA/textarea_Current Address_currentAddress"), "VILLA PADURENAN INDAH 3 "): Text 'VILLA PADURENAN INDAH 3 ' is set on object 'Object Repository/Page_DEMOQA/textarea_Current Address_currentAddress'

13-03-2025T11:37:03 - [MESSAGE][PASSED] - Text 'VILLA PADURENAN INDAH 3 ' is set on object 'Object Repository/Page_DEMOQA/textarea_Current Address_currentAddress'

13-03-2025T11:37:03 - [TEST_STEP][PASSED] - setText(findTestObject("Object Repository/Page_DEMOQA/textarea_Permanent Address_permanentAddress"), "VILLA PADURENAN INDAH 3 "): Text 'VILLA PADURENAN INDAH 3 ' is set on object 'Object Repository/Page_DEMOQA/textarea_Permanent Address_permanentAddress'

13-03-2025T11:37:03 - [MESSAGE][PASSED] - Text 'VILLA PADURENAN INDAH 3 ' is set on object 'Object Repository/Page_DEMOQA/textarea_Permanent Address_permanentAddress'

13-03-2025T11:37:03 - [TEST_STEP][PASSED] - click(findTestObject("Object Repository/Page_DEMOQA/button_Submit")): Object: 'Object Repository/Page_DEMOQA/button_Submit' is clicked on

13-03-2025T11:37:04 - [MESSAGE][PASSED] - Object: 'Object Repository/Page_DEMOQA/button_Submit' is clicked on

13-03-2025T11:37:04 - [TEST_STEP][PASSED] - closeBrowser(): Browser is closed

13-03-2025T11:37:04 - [MESSAGE][PASSED] - Browser is closed]]></system-out>
         <system-err><![CDATA[]]></system-err>
      </testcase>
      <testcase name="Test Cases/DEMOQA Selectable" time="18.802" classname="Test Cases/DEMOQA Selectable" status="PASSED">
         <system-out><![CDATA[13-03-2025T11:37:04 - [TEST_CASE][PASSED] - Test Cases/DEMOQA Selectable: Test Cases/DEMOQA Selectable

13-03-2025T11:37:04 - [TEST_STEP][PASSED] - openBrowser(""): Browser is opened with url: ''

13-03-2025T11:37:04 - [MESSAGE][INFO] - Starting 'Chrome' driver

13-03-2025T11:37:04 - [MESSAGE][INFO] - Action delay is set to 0 milliseconds

13-03-2025T11:37:05 - [MESSAGE][PASSED] - Browser is opened with url: ''

13-03-2025T11:37:05 - [TEST_STEP][PASSED] - navigateToUrl("https://demoqa.com/"): Navigate to 'https://demoqa.com/' successfully

13-03-2025T11:37:14 - [MESSAGE][PASSED] - Navigate to 'https://demoqa.com/' successfully

13-03-2025T11:37:14 - [TEST_STEP][PASSED] - click(findTestObject("Object Repository/Page_DEMOQA/div_Interactions")): Object: 'Object Repository/Page_DEMOQA/div_Interactions' is clicked on

13-03-2025T11:37:15 - [MESSAGE][PASSED] - Object: 'Object Repository/Page_DEMOQA/div_Interactions' is clicked on

13-03-2025T11:37:15 - [TEST_STEP][PASSED] - click(findTestObject("Object Repository/Page_DEMOQA/li_Selectable")): Object: 'Object Repository/Page_DEMOQA/li_Selectable' is clicked on

13-03-2025T11:37:18 - [MESSAGE][PASSED] - Object: 'Object Repository/Page_DEMOQA/li_Selectable' is clicked on

13-03-2025T11:37:18 - [TEST_STEP][PASSED] - click(findTestObject("Object Repository/Page_DEMOQA/li_Cras justo odio")): Object: 'Object Repository/Page_DEMOQA/li_Cras justo odio' is clicked on

13-03-2025T11:37:18 - [MESSAGE][PASSED] - Object: 'Object Repository/Page_DEMOQA/li_Cras justo odio' is clicked on

13-03-2025T11:37:18 - [TEST_STEP][PASSED] - click(findTestObject("Object Repository/Page_DEMOQA/li_Morbi leo risus")): Object: 'Object Repository/Page_DEMOQA/li_Morbi leo risus' is clicked on

13-03-2025T11:37:20 - [MESSAGE][PASSED] - Object: 'Object Repository/Page_DEMOQA/li_Morbi leo risus' is clicked on

13-03-2025T11:37:20 - [TEST_STEP][PASSED] - click(findTestObject("Object Repository/Page_DEMOQA/li_Dapibus ac facilisis in")): Object: 'Object Repository/Page_DEMOQA/li_Dapibus ac facilisis in' is clicked on

13-03-2025T11:37:21 - [MESSAGE][PASSED] - Object: 'Object Repository/Page_DEMOQA/li_Dapibus ac facilisis in' is clicked on

13-03-2025T11:37:21 - [TEST_STEP][PASSED] - click(findTestObject("Object Repository/Page_DEMOQA/li_Porta ac consectetur ac")): Object: 'Object Repository/Page_DEMOQA/li_Porta ac consectetur ac' is clicked on

13-03-2025T11:37:21 - [MESSAGE][PASSED] - Object: 'Object Repository/Page_DEMOQA/li_Porta ac consectetur ac' is clicked on

13-03-2025T11:37:21 - [TEST_STEP][PASSED] - click(findTestObject("Object Repository/Page_DEMOQA/a_Grid")): Object: 'Object Repository/Page_DEMOQA/a_Grid' is clicked on

13-03-2025T11:37:21 - [MESSAGE][PASSED] - Object: 'Object Repository/Page_DEMOQA/a_Grid' is clicked on

13-03-2025T11:37:21 - [TEST_STEP][PASSED] - click(findTestObject("Object Repository/Page_DEMOQA/li_One")): Object: 'Object Repository/Page_DEMOQA/li_One' is clicked on

13-03-2025T11:37:22 - [MESSAGE][PASSED] - Object: 'Object Repository/Page_DEMOQA/li_One' is clicked on

13-03-2025T11:37:22 - [TEST_STEP][PASSED] - click(findTestObject("Object Repository/Page_DEMOQA/li_Nine")): Object: 'Object Repository/Page_DEMOQA/li_Nine' is clicked on

13-03-2025T11:37:22 - [MESSAGE][PASSED] - Object: 'Object Repository/Page_DEMOQA/li_Nine' is clicked on

13-03-2025T11:37:22 - [TEST_STEP][PASSED] - click(findTestObject("Object Repository/Page_DEMOQA/li_Five")): Object: 'Object Repository/Page_DEMOQA/li_Five' is clicked on

13-03-2025T11:37:22 - [MESSAGE][PASSED] - Object: 'Object Repository/Page_DEMOQA/li_Five' is clicked on

13-03-2025T11:37:22 - [TEST_STEP][PASSED] - click(findTestObject("Object Repository/Page_DEMOQA/li_Six")): Object: 'Object Repository/Page_DEMOQA/li_Six' is clicked on

13-03-2025T11:37:22 - [MESSAGE][PASSED] - Object: 'Object Repository/Page_DEMOQA/li_Six' is clicked on

13-03-2025T11:37:22 - [TEST_STEP][PASSED] - closeBrowser(): Browser is closed

13-03-2025T11:37:23 - [MESSAGE][PASSED] - Browser is closed]]></system-out>
         <system-err><![CDATA[]]></system-err>
      </testcase>
      <testcase name="Test Cases/DEMOQA sorting" time="15.126" classname="Test Cases/DEMOQA sorting" status="PASSED">
         <system-out><![CDATA[13-03-2025T11:37:23 - [TEST_CASE][PASSED] - Test Cases/DEMOQA sorting: Test Cases/DEMOQA sorting

13-03-2025T11:37:23 - [TEST_STEP][PASSED] - openBrowser(""): Browser is opened with url: ''

13-03-2025T11:37:23 - [MESSAGE][INFO] - Starting 'Chrome' driver

13-03-2025T11:37:23 - [MESSAGE][INFO] - Action delay is set to 0 milliseconds

13-03-2025T11:37:23 - [MESSAGE][PASSED] - Browser is opened with url: ''

13-03-2025T11:37:23 - [TEST_STEP][PASSED] - navigateToUrl("https://demoqa.com/"): Navigate to 'https://demoqa.com/' successfully

13-03-2025T11:37:30 - [MESSAGE][PASSED] - Navigate to 'https://demoqa.com/' successfully

13-03-2025T11:37:30 - [TEST_STEP][PASSED] - click(findTestObject("Object Repository/Page_DEMOQA/div_Interactions")): Object: 'Object Repository/Page_DEMOQA/div_Interactions' is clicked on

13-03-2025T11:37:31 - [MESSAGE][PASSED] - Object: 'Object Repository/Page_DEMOQA/div_Interactions' is clicked on

13-03-2025T11:37:31 - [TEST_STEP][PASSED] - click(findTestObject("Object Repository/Page_DEMOQA/li_Sortable")): Object: 'Object Repository/Page_DEMOQA/li_Sortable' is clicked on

13-03-2025T11:37:35 - [MESSAGE][PASSED] - Object: 'Object Repository/Page_DEMOQA/li_Sortable' is clicked on

13-03-2025T11:37:35 - [TEST_STEP][PASSED] - click(findTestObject("Object Repository/Page_DEMOQA/div_TwoThreeOneFourFiveSix")): Object: 'Object Repository/Page_DEMOQA/div_TwoThreeOneFourFiveSix' is clicked on

13-03-2025T11:37:36 - [MESSAGE][PASSED] - Object: 'Object Repository/Page_DEMOQA/div_TwoThreeOneFourFiveSix' is clicked on

13-03-2025T11:37:36 - [TEST_STEP][PASSED] - click(findTestObject("Object Repository/Page_DEMOQA/div_FourTwoThreeOneFiveSix")): Object: 'Object Repository/Page_DEMOQA/div_FourTwoThreeOneFiveSix' is clicked on

13-03-2025T11:37:36 - [MESSAGE][PASSED] - Object: 'Object Repository/Page_DEMOQA/div_FourTwoThreeOneFiveSix' is clicked on

13-03-2025T11:37:36 - [TEST_STEP][PASSED] - click(findTestObject("Object Repository/Page_DEMOQA/div_FourTwoThreeOneFiveSix")): Object: 'Object Repository/Page_DEMOQA/div_FourTwoThreeOneFiveSix' is clicked on

13-03-2025T11:37:37 - [MESSAGE][PASSED] - Object: 'Object Repository/Page_DEMOQA/div_FourTwoThreeOneFiveSix' is clicked on

13-03-2025T11:37:37 - [TEST_STEP][PASSED] - click(findTestObject("Object Repository/Page_DEMOQA/div_SixFourTwoThreeOneFive")): Object: 'Object Repository/Page_DEMOQA/div_SixFourTwoThreeOneFive' is clicked on

13-03-2025T11:37:37 - [MESSAGE][PASSED] - Object: 'Object Repository/Page_DEMOQA/div_SixFourTwoThreeOneFive' is clicked on

13-03-2025T11:37:37 - [TEST_STEP][PASSED] - closeBrowser(): Browser is closed

13-03-2025T11:37:38 - [MESSAGE][PASSED] - Browser is closed]]></system-out>
         <system-err><![CDATA[]]></system-err>
      </testcase>
      <system-out><![CDATA[13-03-2025T11:36:12 - [TEST_SUITE][PASSED] - DEMO QA FORM_LOGIN: Test Cases/DEMOQA sorting]]></system-out>
      <system-err><![CDATA[]]></system-err>
   </testsuite>
</testsuites>
